

Started GET "/" for 127.0.0.1 at 2015-04-15 22:44:41 -0400
  [1m[36mActiveRecord::SchemaMigration Load (24.6ms)[0m  [1mSELECT "schema_migrations".* FROM "schema_migrations"[0m

ActiveRecord::PendingMigrationError (

Migrations are pending. To resolve this issue, run:

	bin/rake db:migrate RAILS_ENV=development

):
  activerecord (4.1.8) lib/active_record/migration.rb:389:in `check_pending!'
  activerecord (4.1.8) lib/active_record/migration.rb:377:in `call'
  actionpack (4.1.8) lib/action_dispatch/middleware/callbacks.rb:29:in `block in call'
  activesupport (4.1.8) lib/active_support/callbacks.rb:82:in `run_callbacks'
  actionpack (4.1.8) lib/action_dispatch/middleware/callbacks.rb:27:in `call'
  actionpack (4.1.8) lib/action_dispatch/middleware/reloader.rb:73:in `call'
  actionpack (4.1.8) lib/action_dispatch/middleware/remote_ip.rb:76:in `call'
  actionpack (4.1.8) lib/action_dispatch/middleware/debug_exceptions.rb:17:in `call'
  actionpack (4.1.8) lib/action_dispatch/middleware/show_exceptions.rb:30:in `call'
  railties (4.1.8) lib/rails/rack/logger.rb:38:in `call_app'
  railties (4.1.8) lib/rails/rack/logger.rb:20:in `block in call'
  activesupport (4.1.8) lib/active_support/tagged_logging.rb:68:in `block in tagged'
  activesupport (4.1.8) lib/active_support/tagged_logging.rb:26:in `tagged'
  activesupport (4.1.8) lib/active_support/tagged_logging.rb:68:in `tagged'
  railties (4.1.8) lib/rails/rack/logger.rb:20:in `call'
  actionpack (4.1.8) lib/action_dispatch/middleware/request_id.rb:21:in `call'
  rack (1.5.2) lib/rack/methodoverride.rb:21:in `call'
  rack (1.5.2) lib/rack/runtime.rb:17:in `call'
  activesupport (4.1.8) lib/active_support/cache/strategy/local_cache_middleware.rb:26:in `call'
  rack (1.5.2) lib/rack/lock.rb:17:in `call'
  actionpack (4.1.8) lib/action_dispatch/middleware/static.rb:84:in `call'
  rack (1.5.2) lib/rack/sendfile.rb:112:in `call'
  railties (4.1.8) lib/rails/engine.rb:514:in `call'
  railties (4.1.8) lib/rails/application.rb:144:in `call'
  rack (1.5.2) lib/rack/content_length.rb:14:in `call'
  puma (2.9.1) lib/puma/server.rb:490:in `handle_request'
  puma (2.9.1) lib/puma/server.rb:361:in `process_client'
  puma (2.9.1) lib/puma/server.rb:254:in `block in run'
  puma (2.9.1) lib/puma/thread_pool.rb:92:in `call'
  puma (2.9.1) lib/puma/thread_pool.rb:92:in `block in spawn_thread'


  Rendered /Users/muhammadkhadafi/.rbenv/versions/2.1.5/lib/ruby/gems/2.1.0/gems/actionpack-4.1.8/lib/action_dispatch/middleware/templates/rescues/_source.erb (13.8ms)
  Rendered /Users/muhammadkhadafi/.rbenv/versions/2.1.5/lib/ruby/gems/2.1.0/gems/actionpack-4.1.8/lib/action_dispatch/middleware/templates/rescues/_trace.html.erb (1.8ms)
  Rendered /Users/muhammadkhadafi/.rbenv/versions/2.1.5/lib/ruby/gems/2.1.0/gems/actionpack-4.1.8/lib/action_dispatch/middleware/templates/rescues/_request_and_response.html.erb (1.5ms)
  Rendered /Users/muhammadkhadafi/.rbenv/versions/2.1.5/lib/ruby/gems/2.1.0/gems/actionpack-4.1.8/lib/action_dispatch/middleware/templates/rescues/diagnostics.erb within rescues/layout (53.9ms)
  [1m[36mActiveRecord::SchemaMigration Load (0.5ms)[0m  [1mSELECT "schema_migrations".* FROM "schema_migrations"[0m
Migrating to CreateImdbs (20150416023753)
  [1m[35m (28.2ms)[0m  BEGIN
  [1m[36m (72.4ms)[0m  [1mCREATE TABLE "imdbs" ("id" serial primary key, "created_at" timestamp, "updated_at" timestamp) [0m
  [1m[35mSQL (29.3ms)[0m  INSERT INTO "schema_migrations" ("version") VALUES ($1)  [["version", "20150416023753"]]
  [1m[36m (1.5ms)[0m  [1mCOMMIT[0m
  [1m[35mActiveRecord::SchemaMigration Load (0.3ms)[0m  SELECT "schema_migrations".* FROM "schema_migrations"


Started GET "/" for 127.0.0.1 at 2015-04-15 22:45:06 -0400
  [1m[36mActiveRecord::SchemaMigration Load (0.5ms)[0m  [1mSELECT "schema_migrations".* FROM "schema_migrations"[0m
Processing by WelcomeController#index as HTML
  Rendered welcome/index.erb within layouts/application (2.3ms)
Completed 200 OK in 1784ms (Views: 1772.5ms | ActiveRecord: 0.0ms)


Started GET "/assets/imdbs.css?body=1" for 127.0.0.1 at 2015-04-15 22:45:08 -0400


Started GET "/assets/scaffolds.css?body=1" for 127.0.0.1 at 2015-04-15 22:45:08 -0400


Started GET "/assets/welcome.css?body=1" for 127.0.0.1 at 2015-04-15 22:45:08 -0400


Started GET "/assets/widgets.css?body=1" for 127.0.0.1 at 2015-04-15 22:45:08 -0400


Started GET "/assets/application.css?body=1" for 127.0.0.1 at 2015-04-15 22:45:08 -0400


Started GET "/assets/jquery.js?body=1" for 127.0.0.1 at 2015-04-15 22:45:08 -0400


Started GET "/assets/jquery_ujs.js?body=1" for 127.0.0.1 at 2015-04-15 22:45:08 -0400


Started GET "/assets/turbolinks.js?body=1" for 127.0.0.1 at 2015-04-15 22:45:08 -0400


Started GET "/assets/imdbs.js?body=1" for 127.0.0.1 at 2015-04-15 22:45:08 -0400


Started GET "/assets/welcome.js?body=1" for 127.0.0.1 at 2015-04-15 22:45:08 -0400


Started GET "/assets/widgets.js?body=1" for 127.0.0.1 at 2015-04-15 22:45:08 -0400


Started GET "/assets/application.js?body=1" for 127.0.0.1 at 2015-04-15 22:45:08 -0400


Started GET "/imdb" for 127.0.0.1 at 2015-04-15 22:45:17 -0400
Processing by ImdbsController#gethtml as HTML
Completed 200 OK in 76ms (Views: 0.2ms | ActiveRecord: 0.0ms)


Started GET "/imdb" for 127.0.0.1 at 2015-04-15 22:46:05 -0400
  [1m[36mActiveRecord::SchemaMigration Load (0.5ms)[0m  [1mSELECT "schema_migrations".* FROM "schema_migrations"[0m
Processing by ImdbsController#gethtml as HTML
Completed 500 Internal Server Error in 12ms

NoMethodError (undefined method `hostname' for "http://www.imdb.com/title/tt2820852":String):
  app/controllers/imdbs_controller.rb:26:in `gethtml'


  Rendered /Users/muhammadkhadafi/.rbenv/versions/2.1.5/lib/ruby/gems/2.1.0/gems/actionpack-4.1.8/lib/action_dispatch/middleware/templates/rescues/_source.erb (0.9ms)
  Rendered /Users/muhammadkhadafi/.rbenv/versions/2.1.5/lib/ruby/gems/2.1.0/gems/actionpack-4.1.8/lib/action_dispatch/middleware/templates/rescues/_trace.html.erb (1.9ms)
  Rendered /Users/muhammadkhadafi/.rbenv/versions/2.1.5/lib/ruby/gems/2.1.0/gems/actionpack-4.1.8/lib/action_dispatch/middleware/templates/rescues/_request_and_response.html.erb (1.7ms)
  Rendered /Users/muhammadkhadafi/.rbenv/versions/2.1.5/lib/ruby/gems/2.1.0/gems/actionpack-4.1.8/lib/action_dispatch/middleware/templates/rescues/diagnostics.erb within rescues/layout (25.2ms)


Started GET "/imdb" for 127.0.0.1 at 2015-04-15 22:47:21 -0400
  [1m[36mActiveRecord::SchemaMigration Load (0.4ms)[0m  [1mSELECT "schema_migrations".* FROM "schema_migrations"[0m
Processing by ImdbsController#gethtml as HTML
Completed 200 OK in 400ms (Views: 0.4ms | ActiveRecord: 0.0ms)


Started GET "/imdb" for 127.0.0.1 at 2015-04-15 22:47:57 -0400
  [1m[36mActiveRecord::SchemaMigration Load (0.4ms)[0m  [1mSELECT "schema_migrations".* FROM "schema_migrations"[0m
Processing by ImdbsController#gethtml as HTML
Completed 200 OK in 294ms (Views: 0.2ms | ActiveRecord: 0.0ms)


Started GET "/imdb" for 127.0.0.1 at 2015-04-15 22:52:38 -0400
  [1m[36mActiveRecord::SchemaMigration Load (0.5ms)[0m  [1mSELECT "schema_migrations".* FROM "schema_migrations"[0m
Processing by ImdbsController#gethtml as HTML
Completed 500 Internal Server Error in 13ms

Errno::ENOENT (No such file or directory @ rb_sysopen - http://www.imdb.com/title/tt2820852/):
  app/controllers/imdbs_controller.rb:28:in `initialize'
  app/controllers/imdbs_controller.rb:28:in `open'
  app/controllers/imdbs_controller.rb:28:in `gethtml'


  Rendered /Users/muhammadkhadafi/.rbenv/versions/2.1.5/lib/ruby/gems/2.1.0/gems/actionpack-4.1.8/lib/action_dispatch/middleware/templates/rescues/_source.erb (0.7ms)
  Rendered /Users/muhammadkhadafi/.rbenv/versions/2.1.5/lib/ruby/gems/2.1.0/gems/actionpack-4.1.8/lib/action_dispatch/middleware/templates/rescues/_trace.html.erb (1.6ms)
  Rendered /Users/muhammadkhadafi/.rbenv/versions/2.1.5/lib/ruby/gems/2.1.0/gems/actionpack-4.1.8/lib/action_dispatch/middleware/templates/rescues/_request_and_response.html.erb (1.5ms)
  Rendered /Users/muhammadkhadafi/.rbenv/versions/2.1.5/lib/ruby/gems/2.1.0/gems/actionpack-4.1.8/lib/action_dispatch/middleware/templates/rescues/diagnostics.erb within rescues/layout (26.0ms)


Started GET "/imdb" for 127.0.0.1 at 2015-04-15 22:54:38 -0400
  [1m[36mActiveRecord::SchemaMigration Load (0.5ms)[0m  [1mSELECT "schema_migrations".* FROM "schema_migrations"[0m
Processing by ImdbsController#gethtml as HTML
Completed 500 Internal Server Error in 11ms

Errno::ENOENT (No such file or directory @ rb_sysopen - http://www.imdb.com/title/tt2820852/):
  app/controllers/imdbs_controller.rb:28:in `initialize'
  app/controllers/imdbs_controller.rb:28:in `open'
  app/controllers/imdbs_controller.rb:28:in `gethtml'


  Rendered /Users/muhammadkhadafi/.rbenv/versions/2.1.5/lib/ruby/gems/2.1.0/gems/actionpack-4.1.8/lib/action_dispatch/middleware/templates/rescues/_source.erb (1.2ms)
  Rendered /Users/muhammadkhadafi/.rbenv/versions/2.1.5/lib/ruby/gems/2.1.0/gems/actionpack-4.1.8/lib/action_dispatch/middleware/templates/rescues/_trace.html.erb (1.5ms)
  Rendered /Users/muhammadkhadafi/.rbenv/versions/2.1.5/lib/ruby/gems/2.1.0/gems/actionpack-4.1.8/lib/action_dispatch/middleware/templates/rescues/_request_and_response.html.erb (1.7ms)
  Rendered /Users/muhammadkhadafi/.rbenv/versions/2.1.5/lib/ruby/gems/2.1.0/gems/actionpack-4.1.8/lib/action_dispatch/middleware/templates/rescues/diagnostics.erb within rescues/layout (28.2ms)


Started GET "/imdb" for 127.0.0.1 at 2015-04-15 22:54:41 -0400
Processing by ImdbsController#gethtml as HTML
Completed 500 Internal Server Error in 1ms

Errno::ENOENT (No such file or directory @ rb_sysopen - http://www.imdb.com/title/tt2820852/):
  app/controllers/imdbs_controller.rb:28:in `initialize'
  app/controllers/imdbs_controller.rb:28:in `open'
  app/controllers/imdbs_controller.rb:28:in `gethtml'


  Rendered /Users/muhammadkhadafi/.rbenv/versions/2.1.5/lib/ruby/gems/2.1.0/gems/actionpack-4.1.8/lib/action_dispatch/middleware/templates/rescues/_source.erb (0.9ms)
  Rendered /Users/muhammadkhadafi/.rbenv/versions/2.1.5/lib/ruby/gems/2.1.0/gems/actionpack-4.1.8/lib/action_dispatch/middleware/templates/rescues/_trace.html.erb (1.0ms)
  Rendered /Users/muhammadkhadafi/.rbenv/versions/2.1.5/lib/ruby/gems/2.1.0/gems/actionpack-4.1.8/lib/action_dispatch/middleware/templates/rescues/_request_and_response.html.erb (1.4ms)
  Rendered /Users/muhammadkhadafi/.rbenv/versions/2.1.5/lib/ruby/gems/2.1.0/gems/actionpack-4.1.8/lib/action_dispatch/middleware/templates/rescues/diagnostics.erb within rescues/layout (19.2ms)


Started GET "/imdb" for 127.0.0.1 at 2015-04-15 22:54:54 -0400
  [1m[36mActiveRecord::SchemaMigration Load (0.4ms)[0m  [1mSELECT "schema_migrations".* FROM "schema_migrations"[0m
Processing by ImdbsController#gethtml as HTML
Completed 200 OK in 351ms (Views: 0.7ms | ActiveRecord: 0.0ms)


Started GET "/imdb" for 127.0.0.1 at 2015-04-15 22:55:14 -0400
  [1m[36mActiveRecord::SchemaMigration Load (1.1ms)[0m  [1mSELECT "schema_migrations".* FROM "schema_migrations"[0m
Processing by ImdbsController#gethtml as HTML
Completed 200 OK in 342ms (Views: 0.4ms | ActiveRecord: 0.0ms)


Started GET "/imdb" for 127.0.0.1 at 2015-04-15 22:55:15 -0400
Processing by ImdbsController#gethtml as HTML
Completed 200 OK in 268ms (Views: 0.2ms | ActiveRecord: 0.0ms)


Started GET "/imdb" for 127.0.0.1 at 2015-04-15 22:55:17 -0400
Processing by ImdbsController#gethtml as HTML
Completed 200 OK in 304ms (Views: 0.2ms | ActiveRecord: 0.0ms)


Started GET "/imdb" for 127.0.0.1 at 2015-04-15 22:55:18 -0400
Processing by ImdbsController#gethtml as HTML
Completed 200 OK in 302ms (Views: 0.2ms | ActiveRecord: 0.0ms)


Started GET "/imdb" for 127.0.0.1 at 2015-04-15 22:56:55 -0400
  [1m[36mActiveRecord::SchemaMigration Load (0.7ms)[0m  [1mSELECT "schema_migrations".* FROM "schema_migrations"[0m
Processing by ImdbsController#gethtml as HTML
Completed 200 OK in 335ms (Views: 10.3ms | ActiveRecord: 0.0ms)


Started GET "/imdb" for 127.0.0.1 at 2015-04-15 22:56:58 -0400
Processing by ImdbsController#gethtml as HTML
Completed 200 OK in 503ms (Views: 0.3ms | ActiveRecord: 0.0ms)


Started GET "/imdb" for 127.0.0.1 at 2015-04-15 22:59:08 -0400
  [1m[36mActiveRecord::SchemaMigration Load (0.6ms)[0m  [1mSELECT "schema_migrations".* FROM "schema_migrations"[0m
Processing by ImdbsController#gethtml as HTML
Completed 200 OK in 345ms (Views: 19.2ms | ActiveRecord: 0.0ms)


Started GET "/imdb" for 127.0.0.1 at 2015-04-15 22:59:40 -0400
  [1m[36mActiveRecord::SchemaMigration Load (0.5ms)[0m  [1mSELECT "schema_migrations".* FROM "schema_migrations"[0m
Processing by ImdbsController#gethtml as HTML
Completed 200 OK in 322ms (Views: 0.3ms | ActiveRecord: 0.0ms)


Started GET "/imdb" for 127.0.0.1 at 2015-04-15 23:09:04 -0400
  [1m[36mActiveRecord::SchemaMigration Load (6.1ms)[0m  [1mSELECT "schema_migrations".* FROM "schema_migrations"[0m
Processing by ImdbsController#gethtml as HTML
Completed 200 OK in 374ms (Views: 1.2ms | ActiveRecord: 0.0ms)


Started GET "/imdb" for 127.0.0.1 at 2015-04-15 23:11:03 -0400
  [1m[36mActiveRecord::SchemaMigration Load (0.5ms)[0m  [1mSELECT "schema_migrations".* FROM "schema_migrations"[0m
Processing by ImdbsController#gethtml as HTML
Completed 200 OK in 376ms (Views: 0.4ms | ActiveRecord: 0.0ms)


Started GET "/imdb" for 127.0.0.1 at 2015-04-15 23:17:52 -0400
Processing by ImdbsController#gethtml as HTML
Completed 200 OK in 262ms (Views: 0.5ms | ActiveRecord: 0.0ms)


Started GET "/imdb" for 127.0.0.1 at 2015-04-15 23:36:08 -0400
  [1m[36mActiveRecord::SchemaMigration Load (6.7ms)[0m  [1mSELECT "schema_migrations".* FROM "schema_migrations"[0m
Processing by ImdbsController#gethtml as HTML
Completed 200 OK in 442ms (Views: 0.8ms | ActiveRecord: 0.0ms)


Started GET "/imdb" for 127.0.0.1 at 2015-04-15 23:37:43 -0400
  [1m[36mActiveRecord::SchemaMigration Load (0.5ms)[0m  [1mSELECT "schema_migrations".* FROM "schema_migrations"[0m
Processing by ImdbsController#gethtml as HTML
Completed 200 OK in 314ms (Views: 0.3ms | ActiveRecord: 0.0ms)


Started GET "/imdb" for 127.0.0.1 at 2015-04-15 23:38:21 -0400
  [1m[36mActiveRecord::SchemaMigration Load (0.4ms)[0m  [1mSELECT "schema_migrations".* FROM "schema_migrations"[0m
Processing by ImdbsController#gethtml as HTML
Completed 200 OK in 402ms (Views: 0.4ms | ActiveRecord: 0.0ms)


Started GET "/imdb" for 127.0.0.1 at 2015-04-15 23:40:26 -0400
  [1m[36mActiveRecord::SchemaMigration Load (0.6ms)[0m  [1mSELECT "schema_migrations".* FROM "schema_migrations"[0m
Processing by ImdbsController#gethtml as HTML
Completed 200 OK in 447ms (Views: 0.6ms | ActiveRecord: 0.0ms)


Started GET "/imdb" for 127.0.0.1 at 2015-04-15 23:45:10 -0400
  [1m[36mActiveRecord::SchemaMigration Load (18.2ms)[0m  [1mSELECT "schema_migrations".* FROM "schema_migrations"[0m
Processing by ImdbsController#gethtml as HTML
Completed 200 OK in 312ms (Views: 0.8ms | ActiveRecord: 0.0ms)


Started GET "/imdb" for 127.0.0.1 at 2015-04-15 23:45:34 -0400
  [1m[36mActiveRecord::SchemaMigration Load (0.5ms)[0m  [1mSELECT "schema_migrations".* FROM "schema_migrations"[0m
Processing by ImdbsController#gethtml as HTML
Completed 200 OK in 307ms (Views: 0.2ms | ActiveRecord: 0.0ms)


Started GET "/imdb" for 127.0.0.1 at 2015-04-15 23:45:36 -0400
Processing by ImdbsController#gethtml as HTML
Completed 200 OK in 286ms (Views: 0.2ms | ActiveRecord: 0.0ms)


Started GET "/imdb" for 127.0.0.1 at 2015-04-15 23:46:52 -0400
  [1m[36mActiveRecord::SchemaMigration Load (0.5ms)[0m  [1mSELECT "schema_migrations".* FROM "schema_migrations"[0m
Processing by ImdbsController#gethtml as HTML
Completed 200 OK in 305ms (Views: 0.3ms | ActiveRecord: 0.0ms)


Started GET "/imdb" for 127.0.0.1 at 2015-04-15 23:49:09 -0400
  [1m[36mActiveRecord::SchemaMigration Load (0.6ms)[0m  [1mSELECT "schema_migrations".* FROM "schema_migrations"[0m
Processing by ImdbsController#gethtml as HTML
Completed 200 OK in 271ms (Views: 0.3ms | ActiveRecord: 0.0ms)


Started GET "/imdb" for 127.0.0.1 at 2015-04-15 23:50:51 -0400
  [1m[36mActiveRecord::SchemaMigration Load (0.5ms)[0m  [1mSELECT "schema_migrations".* FROM "schema_migrations"[0m
Processing by ImdbsController#gethtml as HTML
Completed 200 OK in 271ms (Views: 0.3ms | ActiveRecord: 0.0ms)


Started GET "/imdb/?id=haha" for 127.0.0.1 at 2015-04-15 23:50:58 -0400
Processing by ImdbsController#gethtml as HTML
  Parameters: {"id"=>"haha"}
Completed 200 OK in 261ms (Views: 0.1ms | ActiveRecord: 0.0ms)


Started GET "/imdb/?id=tt2820852" for 127.0.0.1 at 2015-04-15 23:51:08 -0400
Processing by ImdbsController#gethtml as HTML
  Parameters: {"id"=>"tt2820852"}
Completed 200 OK in 247ms (Views: 0.1ms | ActiveRecord: 0.0ms)


Started GET "/imdb/?id=tt2820852" for 127.0.0.1 at 2015-04-15 23:53:01 -0400
  [1m[36mActiveRecord::SchemaMigration Load (0.5ms)[0m  [1mSELECT "schema_migrations".* FROM "schema_migrations"[0m
Processing by ImdbsController#gethtml as HTML
  Parameters: {"id"=>"tt2820852"}
Completed 200 OK in 308ms (Views: 10.5ms | ActiveRecord: 0.0ms)


Started GET "/imdb/?id=tt2820852" for 127.0.0.1 at 2015-04-15 23:53:04 -0400
Processing by ImdbsController#gethtml as HTML
  Parameters: {"id"=>"tt2820852"}
Completed 200 OK in 274ms (Views: 0.2ms | ActiveRecord: 0.0ms)


Started GET "/imdb/?id=tt2820852" for 127.0.0.1 at 2015-04-15 23:53:43 -0400
  [1m[36mActiveRecord::SchemaMigration Load (0.5ms)[0m  [1mSELECT "schema_migrations".* FROM "schema_migrations"[0m
Processing by ImdbsController#gethtml as HTML
  Parameters: {"id"=>"tt2820852"}
Completed 200 OK in 348ms (Views: 0.2ms | ActiveRecord: 0.0ms)


Started GET "/imdb/?id=tt1655441" for 127.0.0.1 at 2015-04-15 23:54:09 -0400
Processing by ImdbsController#gethtml as HTML
  Parameters: {"id"=>"tt1655441"}
Completed 200 OK in 242ms (Views: 0.1ms | ActiveRecord: 0.0ms)


Started GET "/imdb/?id=tt1810683" for 127.0.0.1 at 2015-04-15 23:54:28 -0400
Processing by ImdbsController#gethtml as HTML
  Parameters: {"id"=>"tt1810683"}
Completed 500 Internal Server Error in 247ms

NoMethodError (undefined method `[]' for nil:NilClass):
  app/controllers/imdbs_controller.rb:36:in `gethtml'


  Rendered /Users/muhammadkhadafi/.rbenv/versions/2.1.5/lib/ruby/gems/2.1.0/gems/actionpack-4.1.8/lib/action_dispatch/middleware/templates/rescues/_source.erb (2.2ms)
  Rendered /Users/muhammadkhadafi/.rbenv/versions/2.1.5/lib/ruby/gems/2.1.0/gems/actionpack-4.1.8/lib/action_dispatch/middleware/templates/rescues/_trace.html.erb (2.6ms)
  Rendered /Users/muhammadkhadafi/.rbenv/versions/2.1.5/lib/ruby/gems/2.1.0/gems/actionpack-4.1.8/lib/action_dispatch/middleware/templates/rescues/_request_and_response.html.erb (2.3ms)
  Rendered /Users/muhammadkhadafi/.rbenv/versions/2.1.5/lib/ruby/gems/2.1.0/gems/actionpack-4.1.8/lib/action_dispatch/middleware/templates/rescues/diagnostics.erb within rescues/layout (35.9ms)


Started GET "/imdb" for 127.0.0.1 at 2015-04-16 00:05:54 -0400
  [1m[36mActiveRecord::SchemaMigration Load (6.1ms)[0m  [1mSELECT "schema_migrations".* FROM "schema_migrations"[0m
Processing by ImdbsController#gethtml as HTML
Completed 200 OK in 4413ms (Views: 8.8ms | ActiveRecord: 0.0ms)


Started GET "/imdb" for 127.0.0.1 at 2015-04-16 00:18:35 -0400
  [1m[36mActiveRecord::SchemaMigration Load (6.8ms)[0m  [1mSELECT "schema_migrations".* FROM "schema_migrations"[0m
Processing by ImdbsController#gethtml as HTML
Completed 500 Internal Server Error in 476ms

TypeError (can't convert String into an exact number):
  app/controllers/imdbs_controller.rb:44:in `block in gethtml'
  app/controllers/imdbs_controller.rb:35:in `each'
  app/controllers/imdbs_controller.rb:35:in `gethtml'


  Rendered /Users/muhammadkhadafi/.rbenv/versions/2.1.5/lib/ruby/gems/2.1.0/gems/actionpack-4.1.8/lib/action_dispatch/middleware/templates/rescues/_source.erb (1.0ms)
  Rendered /Users/muhammadkhadafi/.rbenv/versions/2.1.5/lib/ruby/gems/2.1.0/gems/actionpack-4.1.8/lib/action_dispatch/middleware/templates/rescues/_trace.html.erb (1.5ms)
  Rendered /Users/muhammadkhadafi/.rbenv/versions/2.1.5/lib/ruby/gems/2.1.0/gems/actionpack-4.1.8/lib/action_dispatch/middleware/templates/rescues/_request_and_response.html.erb (1.6ms)
  Rendered /Users/muhammadkhadafi/.rbenv/versions/2.1.5/lib/ruby/gems/2.1.0/gems/actionpack-4.1.8/lib/action_dispatch/middleware/templates/rescues/diagnostics.erb within rescues/layout (26.7ms)


Started GET "/imdb" for 127.0.0.1 at 2015-04-16 00:19:16 -0400
  [1m[36mActiveRecord::SchemaMigration Load (0.6ms)[0m  [1mSELECT "schema_migrations".* FROM "schema_migrations"[0m
Processing by ImdbsController#gethtml as HTML
Completed 500 Internal Server Error in 584ms

NameError (undefined local variable or method `result' for #<ImdbsController:0x007fb203c60338>):
  app/controllers/imdbs_controller.rb:45:in `block in gethtml'
  app/controllers/imdbs_controller.rb:35:in `each'
  app/controllers/imdbs_controller.rb:35:in `gethtml'


  Rendered /Users/muhammadkhadafi/.rbenv/versions/2.1.5/lib/ruby/gems/2.1.0/gems/actionpack-4.1.8/lib/action_dispatch/middleware/templates/rescues/_source.erb (0.9ms)
  Rendered /Users/muhammadkhadafi/.rbenv/versions/2.1.5/lib/ruby/gems/2.1.0/gems/actionpack-4.1.8/lib/action_dispatch/middleware/templates/rescues/_trace.html.erb (1.4ms)
  Rendered /Users/muhammadkhadafi/.rbenv/versions/2.1.5/lib/ruby/gems/2.1.0/gems/actionpack-4.1.8/lib/action_dispatch/middleware/templates/rescues/_request_and_response.html.erb (1.0ms)
  Rendered /Users/muhammadkhadafi/.rbenv/versions/2.1.5/lib/ruby/gems/2.1.0/gems/actionpack-4.1.8/lib/action_dispatch/middleware/templates/rescues/diagnostics.erb within rescues/layout (29.9ms)


Started GET "/imdb" for 127.0.0.1 at 2015-04-16 00:20:54 -0400
  [1m[36mActiveRecord::SchemaMigration Load (0.6ms)[0m  [1mSELECT "schema_migrations".* FROM "schema_migrations"[0m
Processing by ImdbsController#gethtml as HTML
Completed 500 Internal Server Error in 3000ms

ActionView::MissingTemplate (Missing template imdbs/gethtml, application/gethtml with {:locale=>[:en], :formats=>[:html], :variants=>[], :handlers=>[:erb, :builder, :raw, :ruby, :coffee, :jbuilder]}. Searched in:
  * "/Users/muhammadkhadafi/Documents/cm-imdb-twitter/app/views"
):
  actionview (4.1.8) lib/action_view/path_set.rb:46:in `find'
  actionview (4.1.8) lib/action_view/lookup_context.rb:124:in `find'
  actionview (4.1.8) lib/action_view/renderer/abstract_renderer.rb:18:in `find_template'
  actionview (4.1.8) lib/action_view/renderer/template_renderer.rb:41:in `determine_template'
  actionview (4.1.8) lib/action_view/renderer/template_renderer.rb:8:in `render'
  actionview (4.1.8) lib/action_view/renderer/renderer.rb:42:in `render_template'
  actionview (4.1.8) lib/action_view/renderer/renderer.rb:23:in `render'
  actionview (4.1.8) lib/action_view/rendering.rb:99:in `_render_template'
  actionpack (4.1.8) lib/action_controller/metal/streaming.rb:217:in `_render_template'
  actionview (4.1.8) lib/action_view/rendering.rb:82:in `render_to_body'
  actionpack (4.1.8) lib/action_controller/metal/rendering.rb:32:in `render_to_body'
  actionpack (4.1.8) lib/action_controller/metal/renderers.rb:32:in `render_to_body'
  actionpack (4.1.8) lib/abstract_controller/rendering.rb:25:in `render'
  actionpack (4.1.8) lib/action_controller/metal/rendering.rb:16:in `render'
  actionpack (4.1.8) lib/action_controller/metal/instrumentation.rb:41:in `block (2 levels) in render'
  activesupport (4.1.8) lib/active_support/core_ext/benchmark.rb:12:in `block in ms'
  /Users/muhammadkhadafi/.rbenv/versions/2.1.5/lib/ruby/2.1.0/benchmark.rb:294:in `realtime'
  activesupport (4.1.8) lib/active_support/core_ext/benchmark.rb:12:in `ms'
  actionpack (4.1.8) lib/action_controller/metal/instrumentation.rb:41:in `block in render'
  actionpack (4.1.8) lib/action_controller/metal/instrumentation.rb:84:in `cleanup_view_runtime'
  activerecord (4.1.8) lib/active_record/railties/controller_runtime.rb:25:in `cleanup_view_runtime'
  actionpack (4.1.8) lib/action_controller/metal/instrumentation.rb:40:in `render'
  actionpack (4.1.8) lib/action_controller/metal/implicit_render.rb:10:in `default_render'
  actionpack (4.1.8) lib/action_controller/metal/implicit_render.rb:5:in `send_action'
  actionpack (4.1.8) lib/abstract_controller/base.rb:189:in `process_action'
  actionpack (4.1.8) lib/action_controller/metal/rendering.rb:10:in `process_action'
  actionpack (4.1.8) lib/abstract_controller/callbacks.rb:20:in `block in process_action'
  activesupport (4.1.8) lib/active_support/callbacks.rb:113:in `call'
  activesupport (4.1.8) lib/active_support/callbacks.rb:113:in `call'
  activesupport (4.1.8) lib/active_support/callbacks.rb:149:in `block in halting_and_conditional'
  activesupport (4.1.8) lib/active_support/callbacks.rb:229:in `call'
  activesupport (4.1.8) lib/active_support/callbacks.rb:229:in `block in halting'
  activesupport (4.1.8) lib/active_support/callbacks.rb:229:in `call'
  activesupport (4.1.8) lib/active_support/callbacks.rb:229:in `block in halting'
  activesupport (4.1.8) lib/active_support/callbacks.rb:166:in `call'
  activesupport (4.1.8) lib/active_support/callbacks.rb:166:in `block in halting'
  activesupport (4.1.8) lib/active_support/callbacks.rb:166:in `call'
  activesupport (4.1.8) lib/active_support/callbacks.rb:166:in `block in halting'
  activesupport (4.1.8) lib/active_support/callbacks.rb:166:in `call'
  activesupport (4.1.8) lib/active_support/callbacks.rb:166:in `block in halting'
  activesupport (4.1.8) lib/active_support/callbacks.rb:86:in `call'
  activesupport (4.1.8) lib/active_support/callbacks.rb:86:in `run_callbacks'
  actionpack (4.1.8) lib/abstract_controller/callbacks.rb:19:in `process_action'
  actionpack (4.1.8) lib/action_controller/metal/rescue.rb:29:in `process_action'
  actionpack (4.1.8) lib/action_controller/metal/instrumentation.rb:31:in `block in process_action'
  activesupport (4.1.8) lib/active_support/notifications.rb:159:in `block in instrument'
  activesupport (4.1.8) lib/active_support/notifications/instrumenter.rb:20:in `instrument'
  activesupport (4.1.8) lib/active_support/notifications.rb:159:in `instrument'
  actionpack (4.1.8) lib/action_controller/metal/instrumentation.rb:30:in `process_action'
  actionpack (4.1.8) lib/action_controller/metal/params_wrapper.rb:250:in `process_action'
  activerecord (4.1.8) lib/active_record/railties/controller_runtime.rb:18:in `process_action'
  actionpack (4.1.8) lib/abstract_controller/base.rb:136:in `process'
  actionview (4.1.8) lib/action_view/rendering.rb:30:in `process'
  actionpack (4.1.8) lib/action_controller/metal.rb:196:in `dispatch'
  actionpack (4.1.8) lib/action_controller/metal/rack_delegation.rb:13:in `dispatch'
  actionpack (4.1.8) lib/action_controller/metal.rb:232:in `block in action'
  actionpack (4.1.8) lib/action_dispatch/routing/route_set.rb:82:in `call'
  actionpack (4.1.8) lib/action_dispatch/routing/route_set.rb:82:in `dispatch'
  actionpack (4.1.8) lib/action_dispatch/routing/route_set.rb:50:in `call'
  actionpack (4.1.8) lib/action_dispatch/journey/router.rb:73:in `block in call'
  actionpack (4.1.8) lib/action_dispatch/journey/router.rb:59:in `each'
  actionpack (4.1.8) lib/action_dispatch/journey/router.rb:59:in `call'
  actionpack (4.1.8) lib/action_dispatch/routing/route_set.rb:678:in `call'
  rack (1.5.2) lib/rack/etag.rb:23:in `call'
  rack (1.5.2) lib/rack/conditionalget.rb:25:in `call'
  rack (1.5.2) lib/rack/head.rb:11:in `call'
  actionpack (4.1.8) lib/action_dispatch/middleware/params_parser.rb:27:in `call'
  actionpack (4.1.8) lib/action_dispatch/middleware/flash.rb:254:in `call'
  rack (1.5.2) lib/rack/session/abstract/id.rb:225:in `context'
  rack (1.5.2) lib/rack/session/abstract/id.rb:220:in `call'
  actionpack (4.1.8) lib/action_dispatch/middleware/cookies.rb:560:in `call'
  activerecord (4.1.8) lib/active_record/query_cache.rb:36:in `call'
  activerecord (4.1.8) lib/active_record/connection_adapters/abstract/connection_pool.rb:621:in `call'
  activerecord (4.1.8) lib/active_record/migration.rb:380:in `call'
  actionpack (4.1.8) lib/action_dispatch/middleware/callbacks.rb:29:in `block in call'
  activesupport (4.1.8) lib/active_support/callbacks.rb:82:in `run_callbacks'
  actionpack (4.1.8) lib/action_dispatch/middleware/callbacks.rb:27:in `call'
  actionpack (4.1.8) lib/action_dispatch/middleware/reloader.rb:73:in `call'
  actionpack (4.1.8) lib/action_dispatch/middleware/remote_ip.rb:76:in `call'
  actionpack (4.1.8) lib/action_dispatch/middleware/debug_exceptions.rb:17:in `call'
  actionpack (4.1.8) lib/action_dispatch/middleware/show_exceptions.rb:30:in `call'
  railties (4.1.8) lib/rails/rack/logger.rb:38:in `call_app'
  railties (4.1.8) lib/rails/rack/logger.rb:20:in `block in call'
  activesupport (4.1.8) lib/active_support/tagged_logging.rb:68:in `block in tagged'
  activesupport (4.1.8) lib/active_support/tagged_logging.rb:26:in `tagged'
  activesupport (4.1.8) lib/active_support/tagged_logging.rb:68:in `tagged'
  railties (4.1.8) lib/rails/rack/logger.rb:20:in `call'
  actionpack (4.1.8) lib/action_dispatch/middleware/request_id.rb:21:in `call'
  rack (1.5.2) lib/rack/methodoverride.rb:21:in `call'
  rack (1.5.2) lib/rack/runtime.rb:17:in `call'
  activesupport (4.1.8) lib/active_support/cache/strategy/local_cache_middleware.rb:26:in `call'
  rack (1.5.2) lib/rack/lock.rb:17:in `call'
  actionpack (4.1.8) lib/action_dispatch/middleware/static.rb:84:in `call'
  rack (1.5.2) lib/rack/sendfile.rb:112:in `call'
  railties (4.1.8) lib/rails/engine.rb:514:in `call'
  railties (4.1.8) lib/rails/application.rb:144:in `call'
  rack (1.5.2) lib/rack/content_length.rb:14:in `call'
  puma (2.9.1) lib/puma/server.rb:490:in `handle_request'
  puma (2.9.1) lib/puma/server.rb:361:in `process_client'
  puma (2.9.1) lib/puma/server.rb:254:in `block in run'
  puma (2.9.1) lib/puma/thread_pool.rb:92:in `call'
  puma (2.9.1) lib/puma/thread_pool.rb:92:in `block in spawn_thread'


  Rendered /Users/muhammadkhadafi/.rbenv/versions/2.1.5/lib/ruby/gems/2.1.0/gems/actionpack-4.1.8/lib/action_dispatch/middleware/templates/rescues/missing_template.html.erb within rescues/layout (2.4ms)
  [1m[36mActiveRecord::SchemaMigration Load (12.8ms)[0m  [1mSELECT "schema_migrations".* FROM "schema_migrations"[0m
  [1m[35mActiveRecord::SchemaMigration Load (0.4ms)[0m  SELECT "schema_migrations".* FROM "schema_migrations"
